<?xml version="1.0" encoding="UTF-8"?>
<!-- Generated by org.testng.reporters.JUnitReportReporter -->
<testsuite skipped="0" hostname="DESKTOP-79BD4LH" name="com.inetbanking.testCases.TC_LoginDDT_002" tests="5" failures="0" timestamp="26 Aug 2021 17:37:31 GMT" time="33.142" errors="0">
  <testcase name="loginDDT" time="5.091" classname="com.inetbanking.testCases.TC_LoginDDT_002"/>
  <testcase name="loginDDT" time="5.748" classname="com.inetbanking.testCases.TC_LoginDDT_002"/>
  <testcase name="loginDDT" time="10.406" classname="com.inetbanking.testCases.TC_LoginDDT_002"/>
  <testcase name="loginDDT" time="5.009" classname="com.inetbanking.testCases.TC_LoginDDT_002"/>
  <testcase name="loginDDT" time="6.888" classname="com.inetbanking.testCases.TC_LoginDDT_002"/>
</testsuite> <!-- com.inetbanking.testCases.TC_LoginDDT_002 -->
