<?xml version="1.0" encoding="UTF-8"?>
<!-- Generated by org.testng.reporters.JUnitReportReporter -->
<testsuite skipped="0" hostname="DESKTOP-79BD4LH" name="com.inetbanking.testCases.TC_LoginTest_001" tests="1" failures="0" timestamp="26 Aug 2021 17:37:31 GMT" time="1.534" errors="0">
  <testcase name="loginTest" time="1.534" classname="com.inetbanking.testCases.TC_LoginTest_001"/>
</testsuite> <!-- com.inetbanking.testCases.TC_LoginTest_001 -->
