<?xml version="1.0" encoding="UTF-8"?>
<!-- Generated by org.testng.reporters.JUnitReportReporter -->
<testsuite skipped="0" hostname="DESKTOP-79BD4LH" name="com.inetbanking.testCases.TC_AddCustomerTest_003" tests="1" failures="0" timestamp="26 Aug 2021 17:37:31 GMT" time="16.642" errors="0">
  <testcase name="addNewCustomer" time="16.642" classname="com.inetbanking.testCases.TC_AddCustomerTest_003"/>
</testsuite> <!-- com.inetbanking.testCases.TC_AddCustomerTest_003 -->
